<?xml version="1.0" encoding="UTF-8"?>
<coverage generated="1756915011859" clover="3.2.0">
  <project timestamp="1756915011859" name="All files">
    <metrics statements="73" coveredstatements="73" conditionals="13" coveredconditionals="13" methods="33" coveredmethods="33" elements="119" coveredelements="119" complexity="0" loc="73" ncloc="73" packages="3" files="6" classes="6"/>
    <package name="src">
      <metrics statements="6" coveredstatements="6" conditionals="0" coveredconditionals="0" methods="1" coveredmethods="1"/>
      <file name="App.tsx" path="/Users/anatoli/Development/todo-app/src/App.tsx">
        <metrics statements="6" coveredstatements="6" conditionals="0" coveredconditionals="0" methods="1" coveredmethods="1"/>
        <line num="1" count="1" type="stmt"/>
        <line num="2" count="1" type="stmt"/>
        <line num="3" count="1" type="stmt"/>
        <line num="4" count="1" type="stmt"/>
        <line num="7" count="1" type="stmt"/>
        <line num="19" count="1" type="stmt"/>
      </file>
    </package>
    <package name="src.components">
      <metrics statements="31" coveredstatements="31" conditionals="7" coveredconditionals="7" methods="12" coveredmethods="12"/>
      <file name="TodoFilter.tsx" path="/Users/anatoli/Development/todo-app/src/components/TodoFilter.tsx">
        <metrics statements="11" coveredstatements="11" conditionals="2" coveredconditionals="2" methods="5" coveredmethods="5"/>
        <line num="1" count="2" type="stmt"/>
        <line num="2" count="2" type="stmt"/>
        <line num="4" count="2" type="stmt"/>
        <line num="5" count="14" type="stmt"/>
        <line num="6" count="14" type="stmt"/>
        <line num="8" count="14" type="stmt"/>
        <line num="13" count="42" type="stmt"/>
        <line num="18" count="3" type="stmt"/>
        <line num="26" count="1" type="stmt"/>
        <line num="27" count="14" type="stmt"/>
        <line num="35" count="2" type="stmt"/>
      </file>
      <file name="TodoInput.tsx" path="/Users/anatoli/Development/todo-app/src/components/TodoInput.tsx">
        <metrics statements="12" coveredstatements="12" conditionals="3" coveredconditionals="3" methods="4" coveredmethods="4"/>
        <line num="1" count="2" type="stmt"/>
        <line num="2" count="2" type="stmt"/>
        <line num="4" count="2" type="stmt"/>
        <line num="5" count="22" type="stmt"/>
        <line num="6" count="22" type="stmt"/>
        <line num="8" count="22" type="stmt"/>
        <line num="9" count="4" type="cond" truecount="1" falsecount="0"/>
        <line num="10" count="4" type="stmt"/>
        <line num="11" count="4" type="stmt"/>
        <line num="15" count="22" type="stmt"/>
        <line num="20" count="14" type="stmt"/>
        <line num="22" count="17" type="cond" truecount="2" falsecount="0"/>
      </file>
      <file name="TodoList.tsx" path="/Users/anatoli/Development/todo-app/src/components/TodoList.tsx">
        <metrics statements="8" coveredstatements="8" conditionals="2" coveredconditionals="2" methods="3" coveredmethods="3"/>
        <line num="1" count="2" type="stmt"/>
        <line num="2" count="2" type="stmt"/>
        <line num="4" count="2" type="stmt"/>
        <line num="5" count="14" type="stmt"/>
        <line num="7" count="14" type="stmt"/>
        <line num="10" count="17" type="stmt"/>
        <line num="14" count="2" type="stmt"/>
        <line num="25" count="2" type="stmt"/>
      </file>
    </package>
    <package name="src.stores">
      <metrics statements="36" coveredstatements="36" conditionals="6" coveredconditionals="6" methods="20" coveredmethods="20"/>
      <file name="StoreContext.tsx" path="/Users/anatoli/Development/todo-app/src/stores/StoreContext.tsx">
        <metrics statements="6" coveredstatements="6" conditionals="0" coveredconditionals="0" methods="2" coveredmethods="2"/>
        <line num="1" count="2" type="stmt"/>
        <line num="2" count="2" type="stmt"/>
        <line num="4" count="2" type="stmt"/>
        <line num="6" count="2" type="stmt"/>
        <line num="7" count="1" type="stmt"/>
        <line num="14" count="50" type="stmt"/>
      </file>
      <file name="TodoStore.ts" path="/Users/anatoli/Development/todo-app/src/stores/TodoStore.ts">
        <metrics statements="30" coveredstatements="30" conditionals="6" coveredconditionals="6" methods="18" coveredmethods="18"/>
        <line num="1" count="3" type="stmt"/>
        <line num="9" count="3" type="stmt"/>
        <line num="10" count="9" type="stmt"/>
        <line num="11" count="9" type="stmt"/>
        <line num="12" count="9" type="stmt"/>
        <line num="15" count="9" type="stmt"/>
        <line num="16" count="9" type="stmt"/>
        <line num="17" count="9" type="stmt"/>
        <line num="18" count="27" type="stmt"/>
        <line num="20" count="14" type="stmt"/>
        <line num="21" count="14" type="stmt"/>
        <line num="30" count="9" type="stmt"/>
        <line num="34" count="3" type="stmt"/>
        <line num="35" count="3" type="cond" truecount="1" falsecount="0"/>
        <line num="39" count="6" type="stmt"/>
        <line num="43" count="4" type="stmt"/>
        <line num="47" count="11" type="cond" truecount="3" falsecount="0"/>
        <line num="48" count="4" type="stmt"/>
        <line num="49" count="4" type="stmt"/>
        <line num="50" count="7" type="stmt"/>
        <line num="55" count="18" type="stmt"/>
        <line num="59" count="9" type="stmt"/>
        <line num="60" count="9" type="stmt"/>
        <line num="61" count="9" type="cond" truecount="1" falsecount="0"/>
        <line num="62" count="2" type="stmt"/>
        <line num="63" count="2" type="cond" truecount="1" falsecount="0"/>
        <line num="64" count="4" type="stmt"/>
        <line num="65" count="4" type="stmt"/>
        <line num="66" count="2" type="stmt"/>
        <line num="74" count="3" type="stmt"/>
      </file>
    </package>
  </project>
</coverage>
