{"/Users/anatoli/Development/todo-app/src/App.tsx": {"path":"/Users/anatoli/Development/todo-app/src/App.tsx","statementMap":{"0":{"start":{"line":1,"column":0},"end":{"line":1,"column":54}},"1":{"start":{"line":2,"column":0},"end":{"line":2,"column":45}},"2":{"start":{"line":3,"column":0},"end":{"line":3,"column":47}},"3":{"start":{"line":4,"column":0},"end":{"line":4,"column":49}},"4":{"start":{"line":7,"column":2},"end":{"line":16,"column":4}},"5":{"start":{"line":19,"column":0},"end":{"line":19,"column":19}}},"fnMap":{"0":{"name":"App","decl":{"start":{"line":6,"column":9},"end":{"line":6,"column":12}},"loc":{"start":{"line":6,"column":12},"end":{"line":17,"column":1}}}},"branchMap":{},"s":{"0":1,"1":1,"2":1,"3":1,"4":1,"5":1},"f":{"0":1},"b":{}}
,"/Users/anatoli/Development/todo-app/src/components/TodoFilter.tsx": {"path":"/Users/anatoli/Development/todo-app/src/components/TodoFilter.tsx","statementMap":{"0":{"start":{"line":1,"column":0},"end":{"line":1,"column":43}},"1":{"start":{"line":2,"column":0},"end":{"line":2,"column":51}},"2":{"start":{"line":4,"column":19},"end":{"line":33,"column":2}},"3":{"start":{"line":5,"column":24},"end":{"line":5,"column":35}},"4":{"start":{"line":6,"column":54},"end":{"line":6,"column":84}},"5":{"start":{"line":8,"column":2},"end":{"line":32,"column":4}},"6":{"start":{"line":13,"column":10},"end":{"line":14,"column":null}},"7":{"start":{"line":18,"column":27},"end":{"line":18,"column":49}},"8":{"start":{"line":26,"column":23},"end":{"line":26,"column":49}},"9":{"start":{"line":27,"column":45},"end":{"line":27,"column":56}},"10":{"start":{"line":35,"column":0},"end":{"line":35,"column":26}}},"fnMap":{"0":{"name":"(anonymous_0)","decl":{"start":{"line":4,"column":28},"end":{"line":4,"column":31}},"loc":{"start":{"line":4,"column":33},"end":{"line":33,"column":1}}},"1":{"name":"(anonymous_1)","decl":{"start":{"line":12,"column":21},"end":{"line":12,"column":22}},"loc":{"start":{"line":13,"column":10},"end":{"line":14,"column":null}}},"2":{"name":"(anonymous_2)","decl":{"start":{"line":18,"column":21},"end":{"line":18,"column":24}},"loc":{"start":{"line":18,"column":27},"end":{"line":18,"column":49}}},"3":{"name":"(anonymous_3)","decl":{"start":{"line":26,"column":17},"end":{"line":26,"column":20}},"loc":{"start":{"line":26,"column":23},"end":{"line":26,"column":49}}},"4":{"name":"(anonymous_4)","decl":{"start":{"line":27,"column":40},"end":{"line":27,"column":41}},"loc":{"start":{"line":27,"column":45},"end":{"line":27,"column":56}}}},"branchMap":{"0":{"loc":{"start":{"line":16,"column":14},"end":{"line":16,"column":null}},"type":"cond-expr","locations":[{"start":{"line":16,"column":39},"end":{"line":16,"column":52}},{"start":{"line":16,"column":55},"end":{"line":16,"column":null}}]}},"s":{"0":2,"1":2,"2":2,"3":14,"4":14,"5":14,"6":42,"7":3,"8":1,"9":14,"10":2},"f":{"0":14,"1":42,"2":3,"3":1,"4":14},"b":{"0":[14,28]}}
,"/Users/anatoli/Development/todo-app/src/components/TodoInput.tsx": {"path":"/Users/anatoli/Development/todo-app/src/components/TodoInput.tsx","statementMap":{"0":{"start":{"line":4,"column":0},"end":{"line":4,"column":24}},"1":{"start":{"line":1,"column":0},"end":{"line":1,"column":33}},"2":{"start":{"line":2,"column":0},"end":{"line":2,"column":51}},"3":{"start":{"line":5,"column":26},"end":{"line":5,"column":38}},"4":{"start":{"line":6,"column":24},"end":{"line":6,"column":35}},"5":{"start":{"line":8,"column":14},"end":{"line":13,"column":3}},"6":{"start":{"line":9,"column":4},"end":{"line":12,"column":5}},"7":{"start":{"line":10,"column":6},"end":{"line":10,"column":37}},"8":{"start":{"line":11,"column":6},"end":{"line":11,"column":18}},"9":{"start":{"line":15,"column":2},"end":{"line":28,"column":4}},"10":{"start":{"line":20,"column":25},"end":{"line":20,"column":48}},"11":{"start":{"line":22,"column":26},"end":{"line":22,"column":52}}},"fnMap":{"0":{"name":"TodoInput","decl":{"start":{"line":4,"column":24},"end":{"line":4,"column":33}},"loc":{"start":{"line":4,"column":33},"end":{"line":29,"column":1}}},"1":{"name":"(anonymous_1)","decl":{"start":{"line":8,"column":14},"end":{"line":8,"column":17}},"loc":{"start":{"line":8,"column":19},"end":{"line":13,"column":3}}},"2":{"name":"(anonymous_2)","decl":{"start":{"line":20,"column":18},"end":{"line":20,"column":19}},"loc":{"start":{"line":20,"column":25},"end":{"line":20,"column":48}}},"3":{"name":"(anonymous_3)","decl":{"start":{"line":22,"column":19},"end":{"line":22,"column":20}},"loc":{"start":{"line":22,"column":26},"end":{"line":22,"column":52}}}},"branchMap":{"0":{"loc":{"start":{"line":9,"column":4},"end":{"line":12,"column":5}},"type":"if","locations":[{"start":{"line":9,"column":4},"end":{"line":12,"column":5}}]},"1":{"loc":{"start":{"line":22,"column":26},"end":{"line":22,"column":52}},"type":"binary-expr","locations":[{"start":{"line":22,"column":26},"end":{"line":22,"column":43}},{"start":{"line":22,"column":47},"end":{"line":22,"column":52}}]}},"s":{"0":2,"1":2,"2":2,"3":22,"4":22,"5":22,"6":4,"7":4,"8":4,"9":22,"10":14,"11":17},"f":{"0":22,"1":4,"2":14,"3":17},"b":{"0":[4],"1":[17,3]}}
,"/Users/anatoli/Development/todo-app/src/components/TodoList.tsx": {"path":"/Users/anatoli/Development/todo-app/src/components/TodoList.tsx","statementMap":{"0":{"start":{"line":1,"column":0},"end":{"line":1,"column":43}},"1":{"start":{"line":2,"column":0},"end":{"line":2,"column":51}},"2":{"start":{"line":4,"column":17},"end":{"line":23,"column":2}},"3":{"start":{"line":5,"column":24},"end":{"line":5,"column":35}},"4":{"start":{"line":7,"column":2},"end":{"line":22,"column":4}},"5":{"start":{"line":10,"column":8},"end":{"line":10,"column":26}},"6":{"start":{"line":14,"column":28},"end":{"line":14,"column":57}},"7":{"start":{"line":25,"column":0},"end":{"line":25,"column":24}}},"fnMap":{"0":{"name":"(anonymous_0)","decl":{"start":{"line":4,"column":26},"end":{"line":4,"column":29}},"loc":{"start":{"line":4,"column":31},"end":{"line":23,"column":1}}},"1":{"name":"(anonymous_1)","decl":{"start":{"line":9,"column":35},"end":{"line":9,"column":36}},"loc":{"start":{"line":10,"column":8},"end":{"line":10,"column":26}}},"2":{"name":"(anonymous_2)","decl":{"start":{"line":14,"column":22},"end":{"line":14,"column":25}},"loc":{"start":{"line":14,"column":28},"end":{"line":14,"column":57}}}},"branchMap":{"0":{"loc":{"start":{"line":16,"column":27},"end":{"line":16,"column":77}},"type":"cond-expr","locations":[{"start":{"line":16,"column":44},"end":{"line":16,"column":72}},{"start":{"line":16,"column":75},"end":{"line":16,"column":77}}]}},"s":{"0":2,"1":2,"2":2,"3":14,"4":14,"5":17,"6":2,"7":2},"f":{"0":14,"1":17,"2":2},"b":{"0":[5,12]}}
,"/Users/anatoli/Development/todo-app/src/stores/StoreContext.tsx": {"path":"/Users/anatoli/Development/todo-app/src/stores/StoreContext.tsx","statementMap":{"0":{"start":{"line":1,"column":0},"end":{"line":1,"column":66}},"1":{"start":{"line":2,"column":0},"end":{"line":2,"column":40}},"2":{"start":{"line":4,"column":13},"end":{"line":4,"column":90}},"3":{"start":{"line":6,"column":29},"end":{"line":12,"column":1}},"4":{"start":{"line":7,"column":2},"end":{"line":11,"column":4}},"5":{"start":{"line":6,"column":13},"end":{"line":6,"column":29}},"6":{"start":{"line":14,"column":25},"end":{"line":14,"column":55}},"7":{"start":{"line":14,"column":31},"end":{"line":14,"column":55}},"8":{"start":{"line":14,"column":13},"end":{"line":14,"column":25}}},"fnMap":{"0":{"name":"(anonymous_0)","decl":{"start":{"line":6,"column":29},"end":{"line":6,"column":30}},"loc":{"start":{"line":6,"column":71},"end":{"line":12,"column":1}}},"1":{"name":"(anonymous_1)","decl":{"start":{"line":14,"column":25},"end":{"line":14,"column":28}},"loc":{"start":{"line":14,"column":31},"end":{"line":14,"column":55}}}},"branchMap":{},"s":{"0":2,"1":2,"2":2,"3":2,"4":1,"5":2,"6":2,"7":50,"8":2},"f":{"0":1,"1":50},"b":{}}
,"/Users/anatoli/Development/todo-app/src/stores/TodoStore.ts": {"path":"/Users/anatoli/Development/todo-app/src/stores/TodoStore.ts","statementMap":{"0":{"start":{"line":1,"column":0},"end":{"line":1,"column":52}},"1":{"start":{"line":10,"column":2},"end":{"line":10,"column":21}},"2":{"start":{"line":11,"column":2},"end":{"line":11,"column":49}},"3":{"start":{"line":12,"column":2},"end":{"line":12,"column":13}},"4":{"start":{"line":15,"column":4},"end":{"line":15,"column":29}},"5":{"start":{"line":16,"column":4},"end":{"line":16,"column":16}},"6":{"start":{"line":17,"column":4},"end":{"line":26,"column":6}},"7":{"start":{"line":18,"column":12},"end":{"line":18,"column":87}},"8":{"start":{"line":18,"column":33},"end":{"line":18,"column":85}},"9":{"start":{"line":20,"column":8},"end":{"line":24,"column":9}},"10":{"start":{"line":21,"column":10},"end":{"line":21,"column":72}},"11":{"start":{"line":30,"column":4},"end":{"line":30,"column":68}},"12":{"start":{"line":34,"column":17},"end":{"line":34,"column":50}},"13":{"start":{"line":34,"column":38},"end":{"line":34,"column":49}},"14":{"start":{"line":35,"column":4},"end":{"line":35,"column":47}},"15":{"start":{"line":35,"column":14},"end":{"line":35,"column":47}},"16":{"start":{"line":39,"column":4},"end":{"line":39,"column":25}},"17":{"start":{"line":43,"column":4},"end":{"line":43,"column":54}},"18":{"start":{"line":43,"column":40},"end":{"line":43,"column":52}},"19":{"start":{"line":47,"column":4},"end":{"line":51,"column":5}},"20":{"start":{"line":48,"column":21},"end":{"line":48,"column":65}},"21":{"start":{"line":48,"column":51},"end":{"line":48,"column":63}},"22":{"start":{"line":49,"column":24},"end":{"line":49,"column":67}},"23":{"start":{"line":49,"column":54},"end":{"line":49,"column":65}},"24":{"start":{"line":50,"column":15},"end":{"line":50,"column":33}},"25":{"start":{"line":55,"column":4},"end":{"line":55,"column":55}},"26":{"start":{"line":55,"column":34},"end":{"line":55,"column":46}},"27":{"start":{"line":59,"column":4},"end":{"line":70,"column":5}},"28":{"start":{"line":60,"column":18},"end":{"line":60,"column":56}},"29":{"start":{"line":61,"column":6},"end":{"line":61,"column":23}},"30":{"start":{"line":61,"column":16},"end":{"line":61,"column":23}},"31":{"start":{"line":62,"column":21},"end":{"line":62,"column":91}},"32":{"start":{"line":63,"column":6},"end":{"line":67,"column":7}},"33":{"start":{"line":64,"column":8},"end":{"line":64,"column":95}},"34":{"start":{"line":64,"column":38},"end":{"line":64,"column":92}},"35":{"start":{"line":65,"column":22},"end":{"line":65,"column":71}},"36":{"start":{"line":65,"column":50},"end":{"line":65,"column":67}},"37":{"start":{"line":66,"column":8},"end":{"line":66,"column":32}},"38":{"start":{"line":9,"column":0},"end":{"line":9,"column":13}},"39":{"start":{"line":74,"column":13},"end":{"line":74,"column":41}}},"fnMap":{"0":{"name":"(anonymous_0)","decl":{"start":{"line":14,"column":2},"end":{"line":14,"column":null}},"loc":{"start":{"line":14,"column":2},"end":{"line":27,"column":3}}},"1":{"name":"(anonymous_1)","decl":{"start":{"line":18,"column":6},"end":{"line":18,"column":9}},"loc":{"start":{"line":18,"column":12},"end":{"line":18,"column":87}}},"2":{"name":"(anonymous_2)","decl":{"start":{"line":18,"column":27},"end":{"line":18,"column":28}},"loc":{"start":{"line":18,"column":33},"end":{"line":18,"column":85}}},"3":{"name":"(anonymous_3)","decl":{"start":{"line":19,"column":6},"end":{"line":19,"column":7}},"loc":{"start":{"line":19,"column":16},"end":{"line":25,"column":7}}},"4":{"name":"(anonymous_4)","decl":{"start":{"line":29,"column":2},"end":{"line":29,"column":9}},"loc":{"start":{"line":29,"column":23},"end":{"line":31,"column":3}}},"5":{"name":"(anonymous_5)","decl":{"start":{"line":33,"column":2},"end":{"line":33,"column":12}},"loc":{"start":{"line":33,"column":23},"end":{"line":36,"column":3}}},"6":{"name":"(anonymous_6)","decl":{"start":{"line":34,"column":33},"end":{"line":34,"column":34}},"loc":{"start":{"line":34,"column":38},"end":{"line":34,"column":49}}},"7":{"name":"(anonymous_7)","decl":{"start":{"line":38,"column":2},"end":{"line":38,"column":11}},"loc":{"start":{"line":38,"column":50},"end":{"line":40,"column":3}}},"8":{"name":"(anonymous_8)","decl":{"start":{"line":42,"column":2},"end":{"line":42,"column":16}},"loc":{"start":{"line":42,"column":16},"end":{"line":44,"column":3}}},"9":{"name":"(anonymous_9)","decl":{"start":{"line":43,"column":35},"end":{"line":43,"column":36}},"loc":{"start":{"line":43,"column":40},"end":{"line":43,"column":52}}},"10":{"name":"(anonymous_10)","decl":{"start":{"line":46,"column":2},"end":{"line":46,"column":6}},"loc":{"start":{"line":46,"column":19},"end":{"line":52,"column":3}}},"11":{"name":"(anonymous_11)","decl":{"start":{"line":48,"column":46},"end":{"line":48,"column":47}},"loc":{"start":{"line":48,"column":51},"end":{"line":48,"column":63}}},"12":{"name":"(anonymous_12)","decl":{"start":{"line":49,"column":49},"end":{"line":49,"column":50}},"loc":{"start":{"line":49,"column":54},"end":{"line":49,"column":65}}},"13":{"name":"(anonymous_13)","decl":{"start":{"line":54,"column":2},"end":{"line":54,"column":6}},"loc":{"start":{"line":54,"column":15},"end":{"line":56,"column":3}}},"14":{"name":"(anonymous_14)","decl":{"start":{"line":55,"column":29},"end":{"line":55,"column":30}},"loc":{"start":{"line":55,"column":34},"end":{"line":55,"column":46}}},"15":{"name":"(anonymous_15)","decl":{"start":{"line":58,"column":10},"end":{"line":58,"column":14}},"loc":{"start":{"line":58,"column":14},"end":{"line":71,"column":3}}},"16":{"name":"(anonymous_16)","decl":{"start":{"line":64,"column":32},"end":{"line":64,"column":33}},"loc":{"start":{"line":64,"column":38},"end":{"line":64,"column":92}}},"17":{"name":"(anonymous_17)","decl":{"start":{"line":65,"column":40},"end":{"line":65,"column":41}},"loc":{"start":{"line":65,"column":50},"end":{"line":65,"column":67}}}},"branchMap":{"0":{"loc":{"start":{"line":35,"column":4},"end":{"line":35,"column":47}},"type":"if","locations":[{"start":{"line":35,"column":4},"end":{"line":35,"column":47}}]},"1":{"loc":{"start":{"line":47,"column":4},"end":{"line":51,"column":5}},"type":"switch","locations":[{"start":{"line":48,"column":6},"end":{"line":48,"column":65}},{"start":{"line":49,"column":6},"end":{"line":49,"column":67}},{"start":{"line":50,"column":6},"end":{"line":50,"column":33}}]},"2":{"loc":{"start":{"line":61,"column":6},"end":{"line":61,"column":23}},"type":"if","locations":[{"start":{"line":61,"column":6},"end":{"line":61,"column":23}}]},"3":{"loc":{"start":{"line":63,"column":6},"end":{"line":67,"column":7}},"type":"if","locations":[{"start":{"line":63,"column":6},"end":{"line":67,"column":7}}]}},"s":{"0":3,"1":9,"2":9,"3":9,"4":9,"5":9,"6":9,"7":23,"8":27,"9":14,"10":14,"11":9,"12":3,"13":3,"14":3,"15":3,"16":6,"17":2,"18":4,"19":11,"20":2,"21":4,"22":2,"23":4,"24":7,"25":15,"26":18,"27":9,"28":9,"29":9,"30":7,"31":2,"32":2,"33":2,"34":4,"35":2,"36":4,"37":2,"38":3,"39":3},"f":{"0":9,"1":23,"2":27,"3":14,"4":9,"5":3,"6":3,"7":6,"8":2,"9":4,"10":11,"11":4,"12":4,"13":15,"14":18,"15":9,"16":4,"17":4},"b":{"0":[3],"1":[2,2,7],"2":[7],"3":[2]}}
}
