TN:
SF:src/App.tsx
FN:6,App
FNF:1
FNH:1
FNDA:1,App
DA:1,1
DA:2,1
DA:3,1
DA:4,1
DA:7,1
DA:19,1
LF:6
LH:6
BRF:0
BRH:0
end_of_record
TN:
SF:src/components/TodoFilter.tsx
FN:4,(anonymous_0)
FN:12,(anonymous_1)
FN:18,(anonymous_2)
FN:26,(anonymous_3)
FN:27,(anonymous_4)
FNF:5
FNH:5
FNDA:14,(anonymous_0)
FNDA:42,(anonymous_1)
FNDA:3,(anonymous_2)
FNDA:1,(anonymous_3)
FNDA:14,(anonymous_4)
DA:1,2
DA:2,2
DA:4,2
DA:5,14
DA:6,14
DA:8,14
DA:13,42
DA:18,3
DA:26,1
DA:27,14
DA:35,2
LF:11
LH:11
BRDA:16,0,0,14
BRDA:16,0,1,28
BRF:2
BRH:2
end_of_record
TN:
SF:src/components/TodoInput.tsx
FN:4,TodoInput
FN:8,(anonymous_1)
FN:20,(anonymous_2)
FN:22,(anonymous_3)
FNF:4
FNH:4
FNDA:22,TodoInput
FNDA:4,(anonymous_1)
FNDA:14,(anonymous_2)
FNDA:17,(anonymous_3)
DA:1,2
DA:2,2
DA:4,2
DA:5,22
DA:6,22
DA:8,22
DA:9,4
DA:10,4
DA:11,4
DA:15,22
DA:20,14
DA:22,17
LF:12
LH:12
BRDA:9,0,0,4
BRDA:22,1,0,17
BRDA:22,1,1,3
BRF:3
BRH:3
end_of_record
TN:
SF:src/components/TodoList.tsx
FN:4,(anonymous_0)
FN:9,(anonymous_1)
FN:14,(anonymous_2)
FNF:3
FNH:3
FNDA:14,(anonymous_0)
FNDA:17,(anonymous_1)
FNDA:2,(anonymous_2)
DA:1,2
DA:2,2
DA:4,2
DA:5,14
DA:7,14
DA:10,17
DA:14,2
DA:25,2
LF:8
LH:8
BRDA:16,0,0,5
BRDA:16,0,1,12
BRF:2
BRH:2
end_of_record
TN:
SF:src/stores/StoreContext.tsx
FN:6,(anonymous_0)
FN:14,(anonymous_1)
FNF:2
FNH:2
FNDA:1,(anonymous_0)
FNDA:50,(anonymous_1)
DA:1,2
DA:2,2
DA:4,2
DA:6,2
DA:7,1
DA:14,50
LF:6
LH:6
BRF:0
BRH:0
end_of_record
TN:
SF:src/stores/TodoStore.ts
FN:14,(anonymous_0)
FN:18,(anonymous_1)
FN:18,(anonymous_2)
FN:19,(anonymous_3)
FN:29,(anonymous_4)
FN:33,(anonymous_5)
FN:34,(anonymous_6)
FN:38,(anonymous_7)
FN:42,(anonymous_8)
FN:43,(anonymous_9)
FN:46,(anonymous_10)
FN:48,(anonymous_11)
FN:49,(anonymous_12)
FN:54,(anonymous_13)
FN:55,(anonymous_14)
FN:58,(anonymous_15)
FN:64,(anonymous_16)
FN:65,(anonymous_17)
FNF:18
FNH:18
FNDA:9,(anonymous_0)
FNDA:23,(anonymous_1)
FNDA:27,(anonymous_2)
FNDA:14,(anonymous_3)
FNDA:9,(anonymous_4)
FNDA:3,(anonymous_5)
FNDA:3,(anonymous_6)
FNDA:6,(anonymous_7)
FNDA:2,(anonymous_8)
FNDA:4,(anonymous_9)
FNDA:11,(anonymous_10)
FNDA:4,(anonymous_11)
FNDA:4,(anonymous_12)
FNDA:15,(anonymous_13)
FNDA:18,(anonymous_14)
FNDA:9,(anonymous_15)
FNDA:4,(anonymous_16)
FNDA:4,(anonymous_17)
DA:1,3
DA:9,3
DA:10,9
DA:11,9
DA:12,9
DA:15,9
DA:16,9
DA:17,9
DA:18,27
DA:20,14
DA:21,14
DA:30,9
DA:34,3
DA:35,3
DA:39,6
DA:43,4
DA:47,11
DA:48,4
DA:49,4
DA:50,7
DA:55,18
DA:59,9
DA:60,9
DA:61,9
DA:62,2
DA:63,2
DA:64,4
DA:65,4
DA:66,2
DA:74,3
LF:30
LH:30
BRDA:35,0,0,3
BRDA:47,1,0,2
BRDA:47,1,1,2
BRDA:47,1,2,7
BRDA:61,2,0,7
BRDA:63,3,0,2
BRF:6
BRH:6
end_of_record
